<?xml version="1.0" encoding="UTF-8"?>
<!-- Generated by org.testng.reporters.JUnitReportReporter -->
<testsuite hostname="Krishna" failures="0" tests="1" name="testscripts.BuyNowTest" time="9.861" errors="0" timestamp="2024-04-19T09:59:28 CDT" skipped="0">
  <testcase classname="testscripts.BuyNowTest" name="Verify_BuyNow" time="9.861"/>
  <system-out/>
</testsuite> <!-- testscripts.BuyNowTest -->
