<?xml version="1.0" encoding="UTF-8"?>
<!-- Generated by org.testng.reporters.JUnitReportReporter -->
<testsuite hostname="Krishna" failures="0" tests="1" name="testscripts.MyWalletTest" time="16.550" errors="0" timestamp="2024-04-18T21:19:53 CDT" skipped="0">
  <testcase classname="testscripts.MyWalletTest" name="addMoney" time="16.550"/>
  <system-out/>
</testsuite> <!-- testscripts.MyWalletTest -->
