<?xml version="1.0" encoding="UTF-8"?>
<!-- Generated by org.testng.reporters.JUnitReportReporter -->
<testsuite hostname="Krishna" failures="0" tests="1" name="testscripts.ChatBotTest" time="14.297" errors="0" timestamp="2024-04-19T13:52:06 CDT" skipped="0">
  <testcase classname="testscripts.ChatBotTest" name="verify_chatBot" time="14.297"/>
  <system-out/>
</testsuite> <!-- testscripts.ChatBotTest -->
