<?xml version="1.0" encoding="UTF-8"?>
<!-- Generated by org.testng.reporters.JUnitReportReporter -->
<testsuite hostname="Krishna" failures="0" tests="1" name="testscripts.KidsLinkTest" time="14.500" errors="0" timestamp="2024-04-22T11:00:20 CDT" skipped="0">
  <testcase classname="testscripts.KidsLinkTest" name="perform_kidsLink" time="14.500"/>
  <system-out/>
</testsuite> <!-- testscripts.KidsLinkTest -->
