<?xml version="1.0" encoding="UTF-8"?>
<!-- Generated by org.testng.reporters.JUnitReportReporter -->
<testsuite hostname="Krishna" failures="0" tests="1" name="testscripts.Verify_If_Mens_link_isclickable" time="7.756" errors="0" timestamp="2024-04-16T07:44:06 CDT" skipped="0">
  <testcase classname="testscripts.Verify_If_Mens_link_isclickable" name="wishListTestCase" time="7.756"/>
  <system-out/>
</testsuite> <!-- testscripts.Verify_If_Mens_link_isclickable -->
