<?xml version="1.0" encoding="UTF-8"?>
<!-- Generated by org.testng.reporters.JUnitReportReporter -->
<testsuite hostname="Krishna" failures="0" tests="1" name="testscripts.TC01_Test" time="7.190" errors="0" timestamp="2024-04-12T12:32:06 CDT" skipped="0">
  <testcase classname="testscripts.TC01_Test" name="addToCartTestCase" time="7.190"/>
  <system-out>
    <![CDATA[Execution]]>
  </system-out>
</testsuite> <!-- testscripts.TC01_Test -->
