<?xml version="1.0" encoding="UTF-8"?>
<!-- Generated by org.testng.reporters.JUnitReportReporter -->
<testsuite hostname="Krishna" failures="0" tests="1" name="testscripts.TC02_Test" time="16.419" errors="0" timestamp="2024-04-15T19:19:58 CDT" skipped="0">
  <testcase classname="testscripts.TC02_Test" name="EmailTextField" time="16.419"/>
  <system-out>
    <![CDATA[Execution]]>
  </system-out>
</testsuite> <!-- testscripts.TC02_Test -->
